[2024-10-30T08:09:23.319+0000] {local_task_job_runner.py:120} INFO - ::group::Pre task execution logs
[2024-10-30T08:09:23.342+0000] {taskinstance.py:2076} INFO - Dependencies all met for dep_context=non-requeueable deps ti=<TaskInstance: ETL_To_Data_Warehouse.update_measure_stage_hongheo manual__2024-10-30T08:09:16.797779+00:00 [queued]>
[2024-10-30T08:09:23.350+0000] {taskinstance.py:2076} INFO - Dependencies all met for dep_context=requeueable deps ti=<TaskInstance: ETL_To_Data_Warehouse.update_measure_stage_hongheo manual__2024-10-30T08:09:16.797779+00:00 [queued]>
[2024-10-30T08:09:23.351+0000] {taskinstance.py:2306} INFO - Starting attempt 1 of 1
[2024-10-30T08:09:23.366+0000] {taskinstance.py:2330} INFO - Executing <Task(PythonOperator): update_measure_stage_hongheo> on 2024-10-30 08:09:16.797779+00:00
[2024-10-30T08:09:23.372+0000] {standard_task_runner.py:63} INFO - Started process 18527 to run task
[2024-10-30T08:09:23.375+0000] {standard_task_runner.py:90} INFO - Running: ['***', 'tasks', 'run', 'ETL_To_Data_Warehouse', 'update_measure_stage_hongheo', 'manual__2024-10-30T08:09:16.797779+00:00', '--job-id', '74', '--raw', '--subdir', 'DAGS_FOLDER/ETL_LDTBXH.dag.py', '--cfg-path', '/tmp/tmpjjm8v2xm']
[2024-10-30T08:09:23.376+0000] {standard_task_runner.py:91} INFO - Job 74: Subtask update_measure_stage_hongheo
[2024-10-30T08:09:23.596+0000] {task_command.py:426} INFO - Running <TaskInstance: ETL_To_Data_Warehouse.update_measure_stage_hongheo manual__2024-10-30T08:09:16.797779+00:00 [running]> on host 3d0ab7361361
[2024-10-30T08:09:23.681+0000] {taskinstance.py:2648} INFO - Exporting env vars: AIRFLOW_CTX_DAG_OWNER='***' AIRFLOW_CTX_DAG_ID='ETL_To_Data_Warehouse' AIRFLOW_CTX_TASK_ID='update_measure_stage_hongheo' AIRFLOW_CTX_EXECUTION_DATE='2024-10-30T08:09:16.797779+00:00' AIRFLOW_CTX_TRY_NUMBER='1' AIRFLOW_CTX_DAG_RUN_ID='manual__2024-10-30T08:09:16.797779+00:00'
[2024-10-30T08:09:23.682+0000] {taskinstance.py:430} INFO - ::endgroup::
[2024-10-30T08:09:23.784+0000] {logging_mixin.py:188} WARNING - /opt/***/plugins/HoNgheo/Transform.py:52 UserWarning: pandas only supports SQLAlchemy connectable (engine/connection) or database string URI or sqlite3 DBAPI2 connection. Other DBAPI2 objects are not tested. Please consider using SQLAlchemy.
[2024-10-30T08:09:23.805+0000] {taskinstance.py:441} INFO - ::group::Post task execution logs
[2024-10-30T08:09:23.806+0000] {taskinstance.py:2905} ERROR - Task failed with exception
Traceback (most recent call last):
  File "/home/airflow/.local/lib/python3.11/site-packages/mysql/connector/connection_cext.py", line 697, in cmd_query
    self._cmysql.query(
_mysql_connector.MySQLInterfaceError: Unknown column 'nan' in 'field list'

The above exception was the direct cause of the following exception:

Traceback (most recent call last):
  File "/home/airflow/.local/lib/python3.11/site-packages/airflow/models/taskinstance.py", line 465, in _execute_task
    result = _execute_callable(context=context, **execute_callable_kwargs)
             ^^^^^^^^^^^^^^^^^^^^^^^^^^^^^^^^^^^^^^^^^^^^^^^^^^^^^^^^^^^^^
  File "/home/airflow/.local/lib/python3.11/site-packages/airflow/models/taskinstance.py", line 432, in _execute_callable
    return execute_callable(context=context, **execute_callable_kwargs)
           ^^^^^^^^^^^^^^^^^^^^^^^^^^^^^^^^^^^^^^^^^^^^^^^^^^^^^^^^^^^^
  File "/home/airflow/.local/lib/python3.11/site-packages/airflow/models/baseoperator.py", line 401, in wrapper
    return func(self, *args, **kwargs)
           ^^^^^^^^^^^^^^^^^^^^^^^^^^^
  File "/home/airflow/.local/lib/python3.11/site-packages/airflow/operators/python.py", line 235, in execute
    return_value = self.execute_callable()
                   ^^^^^^^^^^^^^^^^^^^^^^^
  File "/home/airflow/.local/lib/python3.11/site-packages/airflow/operators/python.py", line 252, in execute_callable
    return self.python_callable(*self.op_args, **self.op_kwargs)
           ^^^^^^^^^^^^^^^^^^^^^^^^^^^^^^^^^^^^^^^^^^^^^^^^^^^^^
  File "/opt/airflow/plugins/HoNgheo/Transform.py", line 67, in run_transform_fact_hongheo
    cursor.execute(update_query, (row['TongDiemB1B2'], row['KetQuaCuoiCung'], row['ID_HoGiaDinh']))
  File "/home/airflow/.local/lib/python3.11/site-packages/mysql/connector/cursor_cext.py", line 372, in execute
    result = self._cnx.cmd_query(
             ^^^^^^^^^^^^^^^^^^^^
  File "/home/airflow/.local/lib/python3.11/site-packages/mysql/connector/opentelemetry/context_propagation.py", line 111, in wrapper
    result = method(cnx, *args, **kwargs)
             ^^^^^^^^^^^^^^^^^^^^^^^^^^^^
  File "/home/airflow/.local/lib/python3.11/site-packages/mysql/connector/connection_cext.py", line 705, in cmd_query
    raise get_mysql_exception(
mysql.connector.errors.ProgrammingError: 1054 (42S22): Unknown column 'nan' in 'field list'
[2024-10-30T08:09:23.816+0000] {taskinstance.py:1206} INFO - Marking task as FAILED. dag_id=ETL_To_Data_Warehouse, task_id=update_measure_stage_hongheo, run_id=manual__2024-10-30T08:09:16.797779+00:00, execution_date=20241030T080916, start_date=20241030T080923, end_date=20241030T080923
[2024-10-30T08:09:23.824+0000] {standard_task_runner.py:110} ERROR - Failed to execute job 74 for task update_measure_stage_hongheo (1054 (42S22): Unknown column 'nan' in 'field list'; 18527)
[2024-10-30T08:09:23.869+0000] {local_task_job_runner.py:240} INFO - Task exited with return code 1
[2024-10-30T08:09:24.043+0000] {taskinstance.py:3503} INFO - 0 downstream tasks scheduled from follow-on schedule check
[2024-10-30T08:09:24.048+0000] {local_task_job_runner.py:222} INFO - ::endgroup::
